<?xml version="1.0" encoding="UTF-8"?>
<!-- Generated by org.testng.reporters.JUnitXMLReporter -->
<testsuite ignored="0" hostname="PoojaKulkarni" failures="0" tests="3" name="Test" time="41.594" errors="0" timestamp="2022-08-24T16:03:59 IST">
  <testcase classname="test_scenario.Test_Methods" name="SearchOperation" time="7.623"/>
  <testcase classname="test_scenario.Test_Methods" name="VerifyFbAccess" time="4.317"/>
  <testcase classname="test_scenario.Test_Methods" name="logintoFB" time="18.137"/>
</testsuite> <!-- Test -->
