<?xml version="1.0" encoding="UTF-8"?>
<!-- Generated by org.testng.reporters.JUnitXMLReporter -->
<testsuite ignored="2" hostname="PoojaKulkarni" failures="0" tests="1" name="Default test" time="26.966" errors="0" timestamp="2022-08-24T16:37:21 IST">
  <testcase classname="test_scenario.Test_Methods" name="SearchOperation" time="10.601"/>
  <testcase classname="test_scenario.Test_Methods" name="logintoFB" time="0.0">
    <ignored/>
  </testcase> <!-- logintoFB -->
  <testcase classname="test_scenario.Test_Methods" name="VerifyFbAccess" time="0.0">
    <ignored/>
  </testcase> <!-- VerifyFbAccess -->
</testsuite> <!-- Default test -->
