<?xml version="1.0" encoding="UTF-8"?>
<testng-results ignored="2" total="3" passed="1" failed="0" skipped="0">
  <reporter-output>
  </reporter-output>
  <suite started-at="2022-08-24T16:36:54 IST" name="Default suite" finished-at="2022-08-24T16:37:21 IST" duration-ms="26966">
    <groups>
    </groups>
    <test started-at="2022-08-24T16:36:54 IST" name="Default test" finished-at="2022-08-24T16:37:21 IST" duration-ms="26966">
      <class name="test_scenario.Test_Methods">
        <test-method is-config="true" signature="browserlaunch()[pri:0, instance:test_scenario.Test_Methods@747ddf94]" started-at="2022-08-24T16:36:54 IST" name="browserlaunch" finished-at="2022-08-24T16:37:09 IST" duration-ms="14938" status="PASS">
          <reporter-output>
          </reporter-output>
        </test-method> <!-- browserlaunch -->
        <test-method signature="SearchOperation()[pri:0, instance:test_scenario.Test_Methods@747ddf94]" started-at="2022-08-24T16:37:09 IST" name="SearchOperation" finished-at="2022-08-24T16:37:20 IST" duration-ms="10601" status="PASS">
          <reporter-output>
          </reporter-output>
        </test-method> <!-- SearchOperation -->
        <test-method is-config="true" signature="TearDown()[pri:0, instance:test_scenario.Test_Methods@747ddf94]" started-at="2022-08-24T16:37:20 IST" name="TearDown" finished-at="2022-08-24T16:37:21 IST" duration-ms="1354" status="PASS">
          <reporter-output>
          </reporter-output>
        </test-method> <!-- TearDown -->
      </class> <!-- test_scenario.Test_Methods -->
    </test> <!-- Default test -->
  </suite> <!-- Default suite -->
</testng-results>
